{"level":"ERROR","time":"2024-10-09T12:28:33.644Z","msg":"User undefined failed to POST on /users/create because 400: Invalid password"}
{"level":"ERROR","time":"2024-10-09T12:28:33.690Z","msg":"User undefined failed to POST on /users/create because 400: Invalid email"}
{"level":"INFO","time":"2024-10-09T12:28:33.743Z","msg":"User 670676f1e234424e376deb2f successfully POST on /users/create"}
{"level":"ERROR","time":"2024-10-09T12:28:33.767Z","msg":"User undefined failed to POST on /users/create because 400: This name is already associated with an account"}
{"level":"ERROR","time":"2024-10-09T12:28:33.797Z","msg":"User undefined failed to POST on /users/create because 400: This email is already associated with an account"}
{"level":"INFO","time":"2024-10-09T12:28:33.838Z","msg":"Successfully GET on /users/670676f1e234424e376deb2f"}
{"level":"ERROR","time":"2024-10-09T12:28:33.859Z","msg":"User undefined failed to GET on /users/123 because undefined: Cast to ObjectId failed for value \"123\" (type string) at path \"_id\" for model \"User\""}
{"level":"ERROR","time":"2024-10-09T12:28:33.893Z","msg":"User undefined failed to POST on /users/authorise because 400: Invalid name, email or password"}
{"level":"INFO","time":"2024-10-09T12:28:33.922Z","msg":"User 670676f1e234424e376deb2f successfully POST on /users/authorise"}
{"level":"ERROR","time":"2024-10-09T12:28:33.959Z","msg":"User 670676f1e234424e376deb2f failed to PUT on /users/670676f1e234424e376deb2f because 400: Invalid password"}
{"level":"ERROR","time":"2024-10-09T12:28:33.992Z","msg":"User 670676f1e234424e376deb2f failed to PUT on /users/670676f1e234424e376deb2f because 400: Invalid email"}
{"level":"INFO","time":"2024-10-09T12:28:34.035Z","msg":"User 670676f1e234424e376deb2f successfully PUT on /users/670676f1e234424e376deb2f"}
{"level":"INFO","time":"2024-10-09T12:28:34.063Z","msg":"Admin 6702f39d9fcea3f944c54bf6 successfully DELETE 670676f1e234424e376deb2f on /users/670676f1e234424e376deb2f"}
{"level":"ERROR","time":"2024-10-09T12:28:34.093Z","msg":"User 670676f1e234424e376deb2f failed to DELETE on /users/670676f1e234424e376deb2f because 403: User is not authorised"}
{"level":"ERROR","time":"2024-10-09T12:28:34.125Z","msg":"User undefined failed to GET on /users/670676f1e234424e376deb2f because 400: Wrong userId"}
{"level":"INFO","time":"2024-10-09T12:28:34.147Z","msg":"Successfully GET on /users/"}
{"level":"ERROR","time":"2024-10-09T12:28:35.451Z","msg":"User 6702f3ca9fcea3f944c54bfa failed to POST on /tasks/create because 400: All fields are required"}
{"level":"INFO","time":"2024-10-09T12:28:35.509Z","msg":"User 6702f3ca9fcea3f944c54bfa successfully POST on /tasks/create"}
{"level":"INFO","time":"2024-10-09T12:28:35.538Z","msg":"User 6702f3ca9fcea3f944c54bfa successfully GET on /tasks/6702f3ca9fcea3f944c54bfa"}
{"level":"INFO","time":"2024-10-09T12:28:35.566Z","msg":"User 6702f3ca9fcea3f944c54bfa successfully PUT on /tasks/670676f3c8063713648c7348"}
{"level":"ERROR","time":"2024-10-09T12:28:35.585Z","msg":"User 6702f3ca9fcea3f944c54bfa failed to PUT on /tasks/[object%20Object] because 400: All fields are required"}
{"level":"INFO","time":"2024-10-09T12:28:35.620Z","msg":"User 6702f3ca9fcea3f944c54bfa successfully DELETE on /tasks/670676f3c8063713648c7348"}
{"level":"ERROR","time":"2024-10-09T12:38:59.182Z","msg":"User undefined failed to POST on /users/create because 400: Invalid password"}
{"level":"ERROR","time":"2024-10-09T12:38:59.253Z","msg":"User undefined failed to POST on /users/create because 400: Invalid email"}
{"level":"INFO","time":"2024-10-09T12:38:59.305Z","msg":"User 670679631db8d15316730848 successfully POST on /users/create"}
{"level":"ERROR","time":"2024-10-09T12:38:59.330Z","msg":"User undefined failed to POST on /users/create because 400: This name is already associated with an account"}
{"level":"ERROR","time":"2024-10-09T12:38:59.359Z","msg":"User undefined failed to POST on /users/create because 400: This email is already associated with an account"}
{"level":"INFO","time":"2024-10-09T12:38:59.400Z","msg":"Successfully GET on /users/670679631db8d15316730848"}
{"level":"ERROR","time":"2024-10-09T12:38:59.420Z","msg":"User undefined failed to GET on /users/123 because undefined: Cast to ObjectId failed for value \"123\" (type string) at path \"_id\" for model \"User\""}
{"level":"ERROR","time":"2024-10-09T12:38:59.456Z","msg":"User undefined failed to POST on /users/authorize because 400: Invalid name, email or password"}
{"level":"INFO","time":"2024-10-09T12:38:59.482Z","msg":"User 670679631db8d15316730848 successfully POST on /users/authorize"}
{"level":"ERROR","time":"2024-10-09T12:38:59.522Z","msg":"User 670679631db8d15316730848 failed to PUT on /users/670679631db8d15316730848 because 400: Invalid password"}
{"level":"ERROR","time":"2024-10-09T12:38:59.556Z","msg":"User 670679631db8d15316730848 failed to PUT on /users/670679631db8d15316730848 because 400: Invalid email"}
{"level":"INFO","time":"2024-10-09T12:38:59.594Z","msg":"User 670679631db8d15316730848 successfully PUT on /users/670679631db8d15316730848"}
{"level":"INFO","time":"2024-10-09T12:38:59.620Z","msg":"Admin 6702f39d9fcea3f944c54bf6 successfully DELETE 670679631db8d15316730848 on /users/670679631db8d15316730848"}
{"level":"ERROR","time":"2024-10-09T12:38:59.649Z","msg":"User 670679631db8d15316730848 failed to DELETE on /users/670679631db8d15316730848 because 403: User is not authorised"}
{"level":"ERROR","time":"2024-10-09T12:38:59.677Z","msg":"User undefined failed to GET on /users/670679631db8d15316730848 because 400: Wrong userId"}
{"level":"INFO","time":"2024-10-09T12:38:59.703Z","msg":"Successfully GET on /users/"}
{"level":"ERROR","time":"2024-10-09T12:39:01.224Z","msg":"User 6702f3ca9fcea3f944c54bfa failed to POST on /tasks/create because 400: All fields are required"}
{"level":"INFO","time":"2024-10-09T12:39:01.279Z","msg":"User 6702f3ca9fcea3f944c54bfa successfully POST on /tasks/create"}
{"level":"INFO","time":"2024-10-09T12:39:01.312Z","msg":"User 6702f3ca9fcea3f944c54bfa successfully GET on /tasks/6702f3ca9fcea3f944c54bfa"}
{"level":"INFO","time":"2024-10-09T12:39:01.339Z","msg":"User 6702f3ca9fcea3f944c54bfa successfully PUT on /tasks/67067965cc278f134d2091d3"}
{"level":"ERROR","time":"2024-10-09T12:39:01.358Z","msg":"User 6702f3ca9fcea3f944c54bfa failed to PUT on /tasks/[object%20Object] because 400: All fields are required"}
{"level":"INFO","time":"2024-10-09T12:39:01.394Z","msg":"User 6702f3ca9fcea3f944c54bfa successfully DELETE on /tasks/67067965cc278f134d2091d3"}
{"level":"ERROR","time":"2024-10-09T13:12:46.367Z","msg":"User undefined failed to PUT on /users/:userId because undefined: jwt malformed"}
{"level":"INFO","time":"2024-10-09T14:22:27.726Z","msg":"User 670691a33bd37ecba050dbf6 successfully POST on /users/create"}
{"level":"INFO","time":"2024-10-09T14:25:51.184Z","msg":"Admin 6702f39d9fcea3f944c54bf6 successfully DELETE 670691a33bd37ecba050dbf6 on /users/670691a33bd37ecba050dbf6"}
{"level":"INFO","time":"2024-10-09T14:26:08.359Z","msg":"User 670692803bd37ecba050dbfc successfully POST on /users/create"}
{"level":"INFO","time":"2024-10-09T14:26:44.205Z","msg":"User 670692803bd37ecba050dbfc successfully POST on /users/authorize"}
{"level":"INFO","time":"2024-10-09T14:27:39.854Z","msg":"User 670692803bd37ecba050dbfc successfully PUT on /users/670692803bd37ecba050dbfc"}
{"level":"INFO","time":"2024-10-09T14:30:33.394Z","msg":"Successfully GET on /users/670692803bd37ecba050dbfc"}
{"level":"INFO","time":"2024-10-09T14:30:58.128Z","msg":"User 670692803bd37ecba050dbfc successfully POST on /tasks/create"}
{"level":"INFO","time":"2024-10-09T14:31:51.668Z","msg":"User 670692803bd37ecba050dbfc successfully PUT on /tasks/670693a23bd37ecba050dc05"}
{"level":"INFO","time":"2024-10-09T14:32:04.768Z","msg":"User 670692803bd37ecba050dbfc successfully DELETE on /tasks/670693a23bd37ecba050dc05"}
{"level":"ERROR","time":"2024-10-09T14:32:31.215Z","msg":"User 670692803bd37ecba050dbfc failed to GET on /tasks/:670692803bd37ecba050dbfc?page=0&title=title&order=1 because 403: User is not authorised"}
{"level":"ERROR","time":"2024-10-09T14:32:47.422Z","msg":"User 670692803bd37ecba050dbfc failed to GET on /tasks/:670692803bd37ecba050dbfc?page=0&title=title&order=1 because 403: User is not authorised"}
{"level":"INFO","time":"2024-10-09T14:32:56.769Z","msg":"User 670692803bd37ecba050dbfc successfully GET on /tasks/670692803bd37ecba050dbfc?page=0&title=title&order=1"}
